0 info it worked if it ends with ok
1 verbose cli [ '/usr/local/Cellar/node/6.3.0/bin/node',
1 verbose cli   '/usr/local/bin/npm',
1 verbose cli   'install',
1 verbose cli   'canvas' ]
2 info using npm@3.10.3
3 info using node@v6.3.0
4 silly loadCurrentTree Starting
5 silly install loadCurrentTree
6 silly install readLocalPackageData
7 silly fetchPackageMetaData canvas
8 silly fetchNamedPackageData canvas
9 silly mapToRegistry name canvas
10 silly mapToRegistry using default registry
11 silly mapToRegistry registry https://registry.npmjs.org/
12 silly mapToRegistry data Result {
12 silly mapToRegistry   raw: 'canvas',
12 silly mapToRegistry   scope: null,
12 silly mapToRegistry   escapedName: 'canvas',
12 silly mapToRegistry   name: 'canvas',
12 silly mapToRegistry   rawSpec: '',
12 silly mapToRegistry   spec: 'latest',
12 silly mapToRegistry   type: 'tag' }
13 silly mapToRegistry uri https://registry.npmjs.org/canvas
14 verbose request uri https://registry.npmjs.org/canvas
15 verbose request no auth needed
16 info attempt registry request try #1 at 8:33:14 AM
17 verbose request using bearer token for auth
18 verbose request id 147b64dc0d4ebe8a
19 verbose etag "8K73GG0V7TO7N3T6POE5AE0D6"
20 http request GET https://registry.npmjs.org/canvas
21 http 304 https://registry.npmjs.org/canvas
22 verbose headers { 'cache-control': 'max-age=300',
22 verbose headers   'accept-ranges': 'bytes',
22 verbose headers   date: 'Sun, 10 Jul 2016 15:33:15 GMT',
22 verbose headers   via: '1.1 varnish',
22 verbose headers   connection: 'keep-alive',
22 verbose headers   'x-served-by': 'cache-den6020-DEN',
22 verbose headers   'x-cache': 'MISS',
22 verbose headers   'x-cache-hits': '0',
22 verbose headers   'x-timer': 'S1468164794.792965,VS0,VE261',
22 verbose headers   vary: 'Accept-Encoding' }
23 silly get cb [ 304,
23 silly get   { 'cache-control': 'max-age=300',
23 silly get     'accept-ranges': 'bytes',
23 silly get     date: 'Sun, 10 Jul 2016 15:33:15 GMT',
23 silly get     via: '1.1 varnish',
23 silly get     connection: 'keep-alive',
23 silly get     'x-served-by': 'cache-den6020-DEN',
23 silly get     'x-cache': 'MISS',
23 silly get     'x-cache-hits': '0',
23 silly get     'x-timer': 'S1468164794.792965,VS0,VE261',
23 silly get     vary: 'Accept-Encoding' } ]
24 verbose etag https://registry.npmjs.org/canvas from cache
25 verbose get saving canvas to /Users/Rohan/.npm/registry.npmjs.org/canvas/.cache.json
26 verbose correctMkdir /Users/Rohan/.npm correctMkdir not in flight; initializing
27 silly install normalizeTree
28 silly loadCurrentTree Finishing
29 silly loadIdealTree Starting
30 silly install loadIdealTree
31 silly cloneCurrentTree Starting
32 silly install cloneCurrentTreeToIdealTree
33 silly cloneCurrentTree Finishing
34 silly loadShrinkwrap Starting
35 silly install loadShrinkwrap
36 silly loadShrinkwrap Finishing
37 silly loadAllDepsIntoIdealTree Starting
38 silly install loadAllDepsIntoIdealTree
39 silly resolveWithNewModule canvas@1.4.0 checking installable status
40 silly cache add args [ 'canvas', null ]
41 verbose cache add spec canvas
42 silly cache add parsed spec Result {
42 silly cache add   raw: 'canvas',
42 silly cache add   scope: null,
42 silly cache add   escapedName: 'canvas',
42 silly cache add   name: 'canvas',
42 silly cache add   rawSpec: '',
42 silly cache add   spec: 'latest',
42 silly cache add   type: 'tag' }
43 silly addNamed canvas@latest
44 verbose addNamed "latest" is being treated as a dist-tag for canvas
45 info addNameTag [ 'canvas', 'latest' ]
46 silly mapToRegistry name canvas
47 silly mapToRegistry using default registry
48 silly mapToRegistry registry https://registry.npmjs.org/
49 silly mapToRegistry data Result {
49 silly mapToRegistry   raw: 'canvas',
49 silly mapToRegistry   scope: null,
49 silly mapToRegistry   escapedName: 'canvas',
49 silly mapToRegistry   name: 'canvas',
49 silly mapToRegistry   rawSpec: '',
49 silly mapToRegistry   spec: 'latest',
49 silly mapToRegistry   type: 'tag' }
50 silly mapToRegistry uri https://registry.npmjs.org/canvas
51 verbose addNameTag registry:https://registry.npmjs.org/canvas not in flight; fetching
52 verbose get https://registry.npmjs.org/canvas not expired, no request
53 silly addNameTag next cb for canvas with tag latest
54 silly addNamed canvas@1.4.0
55 verbose addNamed "1.4.0" is a plain semver version for canvas
56 silly cache afterAdd canvas@1.4.0
57 verbose afterAdd /Users/Rohan/.npm/canvas/1.4.0/package/package.json not in flight; writing
58 verbose correctMkdir /Users/Rohan/.npm correctMkdir not in flight; initializing
59 verbose afterAdd /Users/Rohan/.npm/canvas/1.4.0/package/package.json written
60 silly fetchNamedPackageData nan
61 silly mapToRegistry name nan
62 silly mapToRegistry using default registry
63 silly mapToRegistry registry https://registry.npmjs.org/
64 silly mapToRegistry data Result {
64 silly mapToRegistry   raw: 'nan',
64 silly mapToRegistry   scope: null,
64 silly mapToRegistry   escapedName: 'nan',
64 silly mapToRegistry   name: 'nan',
64 silly mapToRegistry   rawSpec: '',
64 silly mapToRegistry   spec: 'latest',
64 silly mapToRegistry   type: 'tag' }
65 silly mapToRegistry uri https://registry.npmjs.org/nan
66 verbose request uri https://registry.npmjs.org/nan
67 verbose request no auth needed
68 info attempt registry request try #1 at 8:33:15 AM
69 verbose request using bearer token for auth
70 verbose etag "2POVJEDCD6LOO0Y53S1HJ4UMJ"
71 http request GET https://registry.npmjs.org/nan
72 http 304 https://registry.npmjs.org/nan
73 verbose headers { 'cache-control': 'max-age=300',
73 verbose headers   'accept-ranges': 'bytes',
73 verbose headers   date: 'Sun, 10 Jul 2016 15:33:15 GMT',
73 verbose headers   via: '1.1 varnish',
73 verbose headers   connection: 'keep-alive',
73 verbose headers   'x-served-by': 'cache-den6020-DEN',
73 verbose headers   'x-cache': 'MISS',
73 verbose headers   'x-cache-hits': '0',
73 verbose headers   'x-timer': 'S1468164795.230913,VS0,VE227',
73 verbose headers   vary: 'Accept-Encoding' }
74 silly get cb [ 304,
74 silly get   { 'cache-control': 'max-age=300',
74 silly get     'accept-ranges': 'bytes',
74 silly get     date: 'Sun, 10 Jul 2016 15:33:15 GMT',
74 silly get     via: '1.1 varnish',
74 silly get     connection: 'keep-alive',
74 silly get     'x-served-by': 'cache-den6020-DEN',
74 silly get     'x-cache': 'MISS',
74 silly get     'x-cache-hits': '0',
74 silly get     'x-timer': 'S1468164795.230913,VS0,VE227',
74 silly get     vary: 'Accept-Encoding' } ]
75 verbose etag https://registry.npmjs.org/nan from cache
76 verbose get saving nan to /Users/Rohan/.npm/registry.npmjs.org/nan/.cache.json
77 verbose correctMkdir /Users/Rohan/.npm correctMkdir not in flight; initializing
78 silly resolveWithNewModule nan@2.4.0 checking installable status
79 silly cache add args [ 'nan@^2.3.2', null ]
80 verbose cache add spec nan@^2.3.2
81 silly cache add parsed spec Result {
81 silly cache add   raw: 'nan@^2.3.2',
81 silly cache add   scope: null,
81 silly cache add   escapedName: 'nan',
81 silly cache add   name: 'nan',
81 silly cache add   rawSpec: '^2.3.2',
81 silly cache add   spec: '>=2.3.2 <3.0.0',
81 silly cache add   type: 'range' }
82 silly addNamed nan@>=2.3.2 <3.0.0
83 verbose addNamed ">=2.3.2 <3.0.0" is a valid semver range for nan
84 silly addNameRange { name: 'nan', range: '>=2.3.2 <3.0.0', hasData: false }
85 silly mapToRegistry name nan
86 silly mapToRegistry using default registry
87 silly mapToRegistry registry https://registry.npmjs.org/
88 silly mapToRegistry data Result {
88 silly mapToRegistry   raw: 'nan',
88 silly mapToRegistry   scope: null,
88 silly mapToRegistry   escapedName: 'nan',
88 silly mapToRegistry   name: 'nan',
88 silly mapToRegistry   rawSpec: '',
88 silly mapToRegistry   spec: 'latest',
88 silly mapToRegistry   type: 'tag' }
89 silly mapToRegistry uri https://registry.npmjs.org/nan
90 verbose addNameRange registry:https://registry.npmjs.org/nan not in flight; fetching
91 verbose get https://registry.npmjs.org/nan not expired, no request
92 silly addNameRange number 2 { name: 'nan', range: '>=2.3.2 <3.0.0', hasData: true }
93 silly addNameRange versions [ 'nan',
93 silly addNameRange   [ '0.3.0-wip',
93 silly addNameRange     '0.3.0-wip2',
93 silly addNameRange     '0.3.0',
93 silly addNameRange     '0.3.1',
93 silly addNameRange     '0.3.2',
93 silly addNameRange     '0.4.0',
93 silly addNameRange     '0.4.1',
93 silly addNameRange     '0.4.2',
93 silly addNameRange     '0.4.3',
93 silly addNameRange     '0.4.4',
93 silly addNameRange     '0.5.0',
93 silly addNameRange     '0.5.1',
93 silly addNameRange     '0.5.2',
93 silly addNameRange     '0.6.0',
93 silly addNameRange     '0.7.0',
93 silly addNameRange     '0.7.1',
93 silly addNameRange     '0.8.0',
93 silly addNameRange     '1.0.0',
93 silly addNameRange     '1.1.0',
93 silly addNameRange     '1.1.1',
93 silly addNameRange     '1.1.2',
93 silly addNameRange     '1.2.0',
93 silly addNameRange     '1.3.0',
93 silly addNameRange     '1.4.0',
93 silly addNameRange     '1.4.1',
93 silly addNameRange     '1.5.0',
93 silly addNameRange     '1.4.2',
93 silly addNameRange     '1.4.3',
93 silly addNameRange     '1.5.1',
93 silly addNameRange     '1.5.2',
93 silly addNameRange     '1.6.0',
93 silly addNameRange     '1.5.3',
93 silly addNameRange     '1.6.1',
93 silly addNameRange     '1.6.2',
93 silly addNameRange     '1.7.0',
93 silly addNameRange     '1.8.0',
93 silly addNameRange     '1.8.1',
93 silly addNameRange     '1.8.2',
93 silly addNameRange     '1.8.3',
93 silly addNameRange     '1.8.4',
93 silly addNameRange     '1.9.0',
93 silly addNameRange     '2.0.0',
93 silly addNameRange     '2.0.1',
93 silly addNameRange     '2.0.2',
93 silly addNameRange     '2.0.3',
93 silly addNameRange     '2.0.4',
93 silly addNameRange     '2.0.5',
93 silly addNameRange     '2.0.6',
93 silly addNameRange     '2.0.7',
93 silly addNameRange     '2.0.8',
93 silly addNameRange     '2.0.9',
93 silly addNameRange     '2.1.0',
93 silly addNameRange     '2.2.0',
93 silly addNameRange     '2.2.1',
93 silly addNameRange     '2.3.0',
93 silly addNameRange     '2.3.1',
93 silly addNameRange     '2.3.2',
93 silly addNameRange     '2.3.3',
93 silly addNameRange     '2.3.4',
93 silly addNameRange     '2.3.5',
93 silly addNameRange     '2.4.0' ] ]
94 silly addNamed nan@2.4.0
95 verbose addNamed "2.4.0" is a plain semver version for nan
96 silly cache afterAdd nan@2.4.0
97 verbose afterAdd /Users/Rohan/.npm/nan/2.4.0/package/package.json not in flight; writing
98 verbose correctMkdir /Users/Rohan/.npm correctMkdir not in flight; initializing
99 verbose afterAdd /Users/Rohan/.npm/nan/2.4.0/package/package.json written
100 silly loadAllDepsIntoIdealTree Finishing
101 silly loadIdealTree Finishing
102 silly currentTree archie@1.0.0
102 silly currentTree ├── accepts@1.0.7
102 silly currentTree ├── body-parser@1.4.3
102 silly currentTree ├── buffer-crc32@0.2.3
102 silly currentTree ├── bytes@1.0.0
102 silly currentTree ├── cookie-signature@1.0.4
102 silly currentTree ├── cookie@0.1.2
102 silly currentTree ├── debug@1.0.2
102 silly currentTree ├── depd@0.3.0
102 silly currentTree ├── ee-first@1.0.3
102 silly currentTree ├── escape-html@1.0.1
102 silly currentTree ├─┬ express@4.5.1
102 silly currentTree │ ├── mime-types@1.0.2
102 silly currentTree │ └── type-is@1.3.2
102 silly currentTree ├── finalhandler@0.0.2
102 silly currentTree ├── finished@1.2.2
102 silly currentTree ├── fresh@0.2.2
102 silly currentTree ├── iconv-lite@0.4.3
102 silly currentTree ├── ipaddr.js@0.1.2
102 silly currentTree ├── media-typer@0.2.0
102 silly currentTree ├── merge-descriptors@0.0.2
102 silly currentTree ├── method-override@2.0.2
102 silly currentTree ├── methods@1.0.1
102 silly currentTree ├── mime-types@1.0.0
102 silly currentTree ├── mime@1.2.11
102 silly currentTree ├── ms@0.6.2
102 silly currentTree ├── negotiator@0.4.7
102 silly currentTree ├── parseurl@1.0.1
102 silly currentTree ├── path-to-regexp@0.1.2
102 silly currentTree ├── proxy-addr@1.0.1
102 silly currentTree ├── qs@0.6.6
102 silly currentTree ├── range-parser@1.0.0
102 silly currentTree ├── raw-body@1.2.2
102 silly currentTree ├── send@0.5.0
102 silly currentTree ├─┬ serve-static@1.3.2
102 silly currentTree │ ├── debug@1.0.3
102 silly currentTree │ ├── parseurl@1.1.3
102 silly currentTree │ └── send@0.6.0
102 silly currentTree ├── type-is@1.3.1
102 silly currentTree ├── utils-merge@1.0.0
102 silly currentTree └── vary@0.1.0
103 silly idealTree archie@1.0.0
103 silly idealTree ├── accepts@1.0.7
103 silly idealTree ├── body-parser@1.4.3
103 silly idealTree ├── buffer-crc32@0.2.3
103 silly idealTree ├── bytes@1.0.0
103 silly idealTree ├── canvas@1.4.0
103 silly idealTree ├── cookie-signature@1.0.4
103 silly idealTree ├── cookie@0.1.2
103 silly idealTree ├── debug@1.0.2
103 silly idealTree ├── depd@0.3.0
103 silly idealTree ├── ee-first@1.0.3
103 silly idealTree ├── escape-html@1.0.1
103 silly idealTree ├─┬ express@4.5.1
103 silly idealTree │ ├── mime-types@1.0.2
103 silly idealTree │ └── type-is@1.3.2
103 silly idealTree ├── finalhandler@0.0.2
103 silly idealTree ├── finished@1.2.2
103 silly idealTree ├── fresh@0.2.2
103 silly idealTree ├── iconv-lite@0.4.3
103 silly idealTree ├── ipaddr.js@0.1.2
103 silly idealTree ├── media-typer@0.2.0
103 silly idealTree ├── merge-descriptors@0.0.2
103 silly idealTree ├── method-override@2.0.2
103 silly idealTree ├── methods@1.0.1
103 silly idealTree ├── mime-types@1.0.0
103 silly idealTree ├── mime@1.2.11
103 silly idealTree ├── ms@0.6.2
103 silly idealTree ├── nan@2.4.0
103 silly idealTree ├── negotiator@0.4.7
103 silly idealTree ├── parseurl@1.0.1
103 silly idealTree ├── path-to-regexp@0.1.2
103 silly idealTree ├── proxy-addr@1.0.1
103 silly idealTree ├── qs@0.6.6
103 silly idealTree ├── range-parser@1.0.0
103 silly idealTree ├── raw-body@1.2.2
103 silly idealTree ├── send@0.5.0
103 silly idealTree ├─┬ serve-static@1.3.2
103 silly idealTree │ ├── debug@1.0.3
103 silly idealTree │ ├── parseurl@1.1.3
103 silly idealTree │ └── send@0.6.0
103 silly idealTree ├── type-is@1.3.1
103 silly idealTree ├── utils-merge@1.0.0
103 silly idealTree └── vary@0.1.0
104 silly generateActionsToTake Starting
105 silly install generateActionsToTake
106 silly generateActionsToTake Finishing
107 silly diffTrees action count 2
108 silly diffTrees add nan@2.4.0
109 silly diffTrees add canvas@1.4.0
110 silly decomposeActions action count 16
111 silly decomposeActions fetch nan@2.4.0
112 silly decomposeActions extract nan@2.4.0
113 silly decomposeActions test nan@2.4.0
114 silly decomposeActions preinstall nan@2.4.0
115 silly decomposeActions build nan@2.4.0
116 silly decomposeActions install nan@2.4.0
117 silly decomposeActions postinstall nan@2.4.0
118 silly decomposeActions finalize nan@2.4.0
119 silly decomposeActions fetch canvas@1.4.0
120 silly decomposeActions extract canvas@1.4.0
121 silly decomposeActions test canvas@1.4.0
122 silly decomposeActions preinstall canvas@1.4.0
123 silly decomposeActions build canvas@1.4.0
124 silly decomposeActions install canvas@1.4.0
125 silly decomposeActions postinstall canvas@1.4.0
126 silly decomposeActions finalize canvas@1.4.0
127 silly executeActions Starting
128 silly install executeActions
129 silly doSerial global-install 0
130 silly doParallel fetch 2
131 verbose correctMkdir /Users/Rohan/.npm/_locks correctMkdir not in flight; initializing
132 verbose lock using /Users/Rohan/.npm/_locks/staging-20d39ab0724cc6ca.lock for /Users/Rohan/Documents/workspaces/archiesee.github.io/rohan/node_modules/.staging
133 silly doParallel extract 2
134 silly extract nan@2.4.0
135 silly extract canvas@1.4.0
136 verbose unbuild node_modules/.staging/nan-df8a42c4
137 verbose unbuild node_modules/.staging/canvas-f57e2ce5
138 silly gentlyRm /Users/Rohan/Documents/workspaces/archiesee.github.io/rohan/node_modules/.staging/nan-df8a42c4 is being purged from base /Users/Rohan/Documents/workspaces/archiesee.github.io/rohan
139 verbose gentlyRm don't care about contents; nuking /Users/Rohan/Documents/workspaces/archiesee.github.io/rohan/node_modules/.staging/nan-df8a42c4
140 silly gentlyRm /Users/Rohan/Documents/workspaces/archiesee.github.io/rohan/node_modules/.staging/canvas-f57e2ce5 is being purged from base /Users/Rohan/Documents/workspaces/archiesee.github.io/rohan
141 verbose gentlyRm don't care about contents; nuking /Users/Rohan/Documents/workspaces/archiesee.github.io/rohan/node_modules/.staging/canvas-f57e2ce5
142 verbose tar unpack /Users/Rohan/.npm/nan/2.4.0/package.tgz
143 verbose tar unpacking to /Users/Rohan/Documents/workspaces/archiesee.github.io/rohan/node_modules/.staging/nan-df8a42c4
144 silly gentlyRm /Users/Rohan/Documents/workspaces/archiesee.github.io/rohan/node_modules/.staging/nan-df8a42c4 is being purged
145 verbose gentlyRm don't care about contents; nuking /Users/Rohan/Documents/workspaces/archiesee.github.io/rohan/node_modules/.staging/nan-df8a42c4
146 verbose tar unpack /Users/Rohan/.npm/canvas/1.4.0/package.tgz
147 verbose tar unpacking to /Users/Rohan/Documents/workspaces/archiesee.github.io/rohan/node_modules/.staging/canvas-f57e2ce5
148 silly gentlyRm /Users/Rohan/Documents/workspaces/archiesee.github.io/rohan/node_modules/.staging/canvas-f57e2ce5 is being purged
149 verbose gentlyRm don't care about contents; nuking /Users/Rohan/Documents/workspaces/archiesee.github.io/rohan/node_modules/.staging/canvas-f57e2ce5
150 silly gunzTarPerm modes [ '755', '644' ]
151 silly gunzTarPerm modes [ '755', '644' ]
152 silly gunzTarPerm extractEntry package.json
153 silly gunzTarPerm modified mode [ 'package.json', 436, 420 ]
154 silly gunzTarPerm extractEntry package.json
155 silly gunzTarPerm extractEntry README.md
156 silly gunzTarPerm modified mode [ 'README.md', 436, 420 ]
157 silly gunzTarPerm extractEntry .npmignore
158 silly gunzTarPerm extractEntry index.js
159 silly gunzTarPerm extractEntry include_dirs.js
160 silly gunzTarPerm modified mode [ 'include_dirs.js', 436, 420 ]
161 silly gunzTarPerm extractEntry nan_callbacks_pre_12_inl.h
162 silly gunzTarPerm modified mode [ 'nan_callbacks_pre_12_inl.h', 436, 420 ]
163 silly gunzTarPerm extractEntry CHANGELOG.md
164 silly gunzTarPerm modified mode [ 'CHANGELOG.md', 436, 420 ]
165 silly gunzTarPerm extractEntry LICENSE.md
166 silly gunzTarPerm modified mode [ 'LICENSE.md', 436, 420 ]
167 silly gunzTarPerm extractEntry Readme.md
168 silly gunzTarPerm extractEntry binding.gyp
169 silly gunzTarPerm extractEntry doc/node_misc.md
170 silly gunzTarPerm modified mode [ 'doc/node_misc.md', 436, 420 ]
171 silly gunzTarPerm extractEntry .travis.yml
172 silly gunzTarPerm extractEntry doc/asyncworker.md
173 silly gunzTarPerm modified mode [ 'doc/asyncworker.md', 436, 420 ]
174 silly gunzTarPerm extractEntry doc/callback.md
175 silly gunzTarPerm modified mode [ 'doc/callback.md', 436, 420 ]
176 silly gunzTarPerm extractEntry lib/bindings.js
177 silly gunzTarPerm extractEntry lib/canvas.js
178 silly gunzTarPerm extractEntry doc/converters.md
179 silly gunzTarPerm modified mode [ 'doc/converters.md', 436, 420 ]
180 silly gunzTarPerm extractEntry doc/errors.md
181 silly gunzTarPerm modified mode [ 'doc/errors.md', 436, 420 ]
182 silly gunzTarPerm extractEntry lib/context2d.js
183 silly gunzTarPerm extractEntry lib/image.js
184 silly gunzTarPerm extractEntry doc/maybe_types.md
185 silly gunzTarPerm modified mode [ 'doc/maybe_types.md', 436, 420 ]
186 silly gunzTarPerm extractEntry doc/methods.md
187 silly gunzTarPerm modified mode [ 'doc/methods.md', 436, 420 ]
188 silly gunzTarPerm extractEntry lib/jpegstream.js
189 silly gunzTarPerm extractEntry lib/pngstream.js
190 silly gunzTarPerm extractEntry History.md
191 silly gunzTarPerm extractEntry src/Image.cc
192 silly gunzTarPerm extractEntry doc/new.md
193 silly gunzTarPerm modified mode [ 'doc/new.md', 436, 420 ]
194 silly gunzTarPerm extractEntry src/Canvas.cc
195 silly gunzTarPerm extractEntry src/CanvasGradient.cc
196 silly gunzTarPerm extractEntry doc/buffers.md
197 silly gunzTarPerm modified mode [ 'doc/buffers.md', 436, 420 ]
198 silly gunzTarPerm extractEntry doc/object_wrappers.md
199 silly gunzTarPerm modified mode [ 'doc/object_wrappers.md', 436, 420 ]
200 silly gunzTarPerm extractEntry src/CanvasGradient.h
201 silly gunzTarPerm extractEntry src/CanvasPattern.cc
202 silly gunzTarPerm extractEntry doc/persistent.md
203 silly gunzTarPerm modified mode [ 'doc/persistent.md', 436, 420 ]
204 silly gunzTarPerm extractEntry doc/scopes.md
205 silly gunzTarPerm modified mode [ 'doc/scopes.md', 436, 420 ]
206 silly gunzTarPerm extractEntry src/CanvasPattern.h
207 silly gunzTarPerm extractEntry src/CanvasRenderingContext2d.cc
208 silly gunzTarPerm extractEntry doc/script.md
209 silly gunzTarPerm modified mode [ 'doc/script.md', 436, 420 ]
210 silly gunzTarPerm extractEntry doc/string_bytes.md
211 silly gunzTarPerm modified mode [ 'doc/string_bytes.md', 436, 420 ]
212 silly gunzTarPerm extractEntry src/CanvasRenderingContext2d.h
213 silly gunzTarPerm extractEntry src/FontFace.cc
214 silly gunzTarPerm extractEntry doc/v8_internals.md
215 silly gunzTarPerm modified mode [ 'doc/v8_internals.md', 436, 420 ]
216 silly gunzTarPerm extractEntry doc/v8_misc.md
217 silly gunzTarPerm modified mode [ 'doc/v8_misc.md', 436, 420 ]
218 silly gunzTarPerm extractEntry src/FontFace.h
219 silly gunzTarPerm extractEntry src/Canvas.h
220 silly gunzTarPerm extractEntry nan.h
221 silly gunzTarPerm modified mode [ 'nan.h', 436, 420 ]
222 silly gunzTarPerm extractEntry nan_callbacks.h
223 silly gunzTarPerm modified mode [ 'nan_callbacks.h', 436, 420 ]
224 silly gunzTarPerm extractEntry src/Image.h
225 silly gunzTarPerm extractEntry src/ImageData.cc
226 silly gunzTarPerm extractEntry src/ImageData.h
227 silly gunzTarPerm extractEntry nan_callbacks_12_inl.h
228 silly gunzTarPerm modified mode [ 'nan_callbacks_12_inl.h', 436, 420 ]
229 silly gunzTarPerm extractEntry nan_converters.h
230 silly gunzTarPerm modified mode [ 'nan_converters.h', 436, 420 ]
231 silly gunzTarPerm extractEntry nan_converters_43_inl.h
232 silly gunzTarPerm modified mode [ 'nan_converters_43_inl.h', 436, 420 ]
233 silly gunzTarPerm extractEntry nan_converters_pre_43_inl.h
234 silly gunzTarPerm modified mode [ 'nan_converters_pre_43_inl.h', 436, 420 ]
235 silly gunzTarPerm extractEntry src/JPEGStream.h
236 silly gunzTarPerm extractEntry src/PNG.h
237 silly gunzTarPerm extractEntry src/Point.h
238 silly gunzTarPerm extractEntry nan_implementation_12_inl.h
239 silly gunzTarPerm modified mode [ 'nan_implementation_12_inl.h', 436, 420 ]
240 silly gunzTarPerm extractEntry nan_implementation_pre_12_inl.h
241 silly gunzTarPerm modified mode [ 'nan_implementation_pre_12_inl.h', 436, 420 ]
242 silly gunzTarPerm extractEntry nan_maybe_43_inl.h
243 silly gunzTarPerm modified mode [ 'nan_maybe_43_inl.h', 436, 420 ]
244 silly gunzTarPerm extractEntry src/closure.h
245 silly gunzTarPerm extractEntry nan_maybe_pre_43_inl.h
246 silly gunzTarPerm modified mode [ 'nan_maybe_pre_43_inl.h', 436, 420 ]
247 silly gunzTarPerm extractEntry nan_new.h
248 silly gunzTarPerm modified mode [ 'nan_new.h', 436, 420 ]
249 silly gunzTarPerm extractEntry nan_object_wrap.h
250 silly gunzTarPerm modified mode [ 'nan_object_wrap.h', 436, 420 ]
251 silly gunzTarPerm extractEntry src/color.cc
252 silly gunzTarPerm extractEntry src/color.h
253 silly gunzTarPerm extractEntry nan_persistent_12_inl.h
254 silly gunzTarPerm modified mode [ 'nan_persistent_12_inl.h', 436, 420 ]
255 silly gunzTarPerm extractEntry nan_persistent_pre_12_inl.h
256 silly gunzTarPerm modified mode [ 'nan_persistent_pre_12_inl.h', 436, 420 ]
257 silly gunzTarPerm extractEntry src/init.cc
258 silly gunzTarPerm extractEntry util/has_lib.sh
259 silly gunzTarPerm extractEntry nan_string_bytes.h
260 silly gunzTarPerm modified mode [ 'nan_string_bytes.h', 436, 420 ]
261 silly gunzTarPerm extractEntry nan_typedarray_contents.h
262 silly gunzTarPerm modified mode [ 'nan_typedarray_contents.h', 436, 420 ]
263 silly gunzTarPerm extractEntry nan_weak.h
264 silly gunzTarPerm modified mode [ 'nan_weak.h', 436, 420 ]
265 silly gunzTarPerm extractEntry tools/package.json
266 silly gunzTarPerm modified mode [ 'tools/package.json', 436, 420 ]
267 silly gunzTarPerm extractEntry tools/README.md
268 silly gunzTarPerm modified mode [ 'tools/README.md', 436, 420 ]
269 silly gunzTarPerm extractEntry tools/1to2.js
270 silly gunzTarPerm modified mode [ 'tools/1to2.js', 509, 493 ]
271 silly gentlyRm /Users/Rohan/Documents/workspaces/archiesee.github.io/rohan/node_modules/.staging/canvas-f57e2ce5/node_modules is being purged
272 verbose gentlyRm don't care about contents; nuking /Users/Rohan/Documents/workspaces/archiesee.github.io/rohan/node_modules/.staging/canvas-f57e2ce5/node_modules
273 silly gentlyRm /Users/Rohan/Documents/workspaces/archiesee.github.io/rohan/node_modules/.staging/nan-df8a42c4/node_modules is being purged
274 verbose gentlyRm don't care about contents; nuking /Users/Rohan/Documents/workspaces/archiesee.github.io/rohan/node_modules/.staging/nan-df8a42c4/node_modules
275 silly doParallel preinstall 2
276 silly preinstall nan@2.4.0 /Users/Rohan/Documents/workspaces/archiesee.github.io/rohan/node_modules/.staging/nan-df8a42c4
277 info lifecycle nan@2.4.0~preinstall: nan@2.4.0
278 silly preinstall canvas@1.4.0 /Users/Rohan/Documents/workspaces/archiesee.github.io/rohan/node_modules/.staging/canvas-f57e2ce5
279 info lifecycle canvas@1.4.0~preinstall: canvas@1.4.0
280 silly lifecycle nan@2.4.0~preinstall: no script for preinstall, continuing
281 silly lifecycle canvas@1.4.0~preinstall: no script for preinstall, continuing
282 silly doReverseSerial remove 0
283 silly doSerial move 0
284 silly doSerial finalize 2
285 silly finalize /Users/Rohan/Documents/workspaces/archiesee.github.io/rohan/node_modules/nan
286 silly finalize /Users/Rohan/Documents/workspaces/archiesee.github.io/rohan/node_modules/canvas
287 silly doSerial build 2
288 silly build nan@2.4.0
289 info linkStuff nan@2.4.0
290 silly linkStuff nan@2.4.0 has /Users/Rohan/Documents/workspaces/archiesee.github.io/rohan/node_modules as its parent node_modules
291 verbose linkBins nan@2.4.0
292 verbose linkMans nan@2.4.0
293 silly build canvas@1.4.0
294 info linkStuff canvas@1.4.0
295 silly linkStuff canvas@1.4.0 has /Users/Rohan/Documents/workspaces/archiesee.github.io/rohan/node_modules as its parent node_modules
296 verbose linkBins canvas@1.4.0
297 verbose linkMans canvas@1.4.0
298 silly doSerial global-link 0
299 silly doParallel update-linked 0
300 silly doSerial install 2
301 silly install nan@2.4.0 /Users/Rohan/Documents/workspaces/archiesee.github.io/rohan/node_modules/.staging/nan-df8a42c4
302 info lifecycle nan@2.4.0~install: nan@2.4.0
303 silly lifecycle nan@2.4.0~install: no script for install, continuing
304 silly install canvas@1.4.0 /Users/Rohan/Documents/workspaces/archiesee.github.io/rohan/node_modules/.staging/canvas-f57e2ce5
305 info lifecycle canvas@1.4.0~install: canvas@1.4.0
306 verbose lifecycle canvas@1.4.0~install: unsafe-perm in lifecycle true
307 verbose lifecycle canvas@1.4.0~install: PATH: /usr/local/lib/node_modules/npm/bin/node-gyp-bin:/Users/Rohan/Documents/workspaces/archiesee.github.io/rohan/node_modules/canvas/node_modules/.bin:/Users/Rohan/Documents/workspaces/archiesee.github.io/rohan/node_modules/.bin:/usr/local/Cellar/node/6.3.0/bin:/usr/local/bin:/usr/bin:/bin:/usr/sbin:/sbin:/Library/TeX/texbin
308 verbose lifecycle canvas@1.4.0~install: CWD: /Users/Rohan/Documents/workspaces/archiesee.github.io/rohan/node_modules/canvas
309 silly lifecycle canvas@1.4.0~install: Args: [ '-c', 'node-gyp rebuild' ]
310 silly lifecycle canvas@1.4.0~install: Returned: code: 1  signal: null
311 info lifecycle canvas@1.4.0~install: Failed to exec install script
312 verbose unlock done using /Users/Rohan/.npm/_locks/staging-20d39ab0724cc6ca.lock for /Users/Rohan/Documents/workspaces/archiesee.github.io/rohan/node_modules/.staging
313 silly rollbackFailedOptional Starting
314 silly rollbackFailedOptional Finishing
315 silly runTopLevelLifecycles Starting
316 silly runTopLevelLifecycles Finishing
317 silly install printInstalled
318 warn archie@1.0.0 No repository field.
319 verbose stack Error: canvas@1.4.0 install: `node-gyp rebuild`
319 verbose stack Exit status 1
319 verbose stack     at EventEmitter.<anonymous> (/usr/local/lib/node_modules/npm/lib/utils/lifecycle.js:242:16)
319 verbose stack     at emitTwo (events.js:106:13)
319 verbose stack     at EventEmitter.emit (events.js:191:7)
319 verbose stack     at ChildProcess.<anonymous> (/usr/local/lib/node_modules/npm/lib/utils/spawn.js:40:14)
319 verbose stack     at emitTwo (events.js:106:13)
319 verbose stack     at ChildProcess.emit (events.js:191:7)
319 verbose stack     at maybeClose (internal/child_process.js:852:16)
319 verbose stack     at Process.ChildProcess._handle.onexit (internal/child_process.js:215:5)
320 verbose pkgid canvas@1.4.0
321 verbose cwd /Users/Rohan/Documents/workspaces/archiesee.github.io/rohan
322 error Darwin 15.2.0
323 error argv "/usr/local/Cellar/node/6.3.0/bin/node" "/usr/local/bin/npm" "install" "canvas"
324 error node v6.3.0
325 error npm  v3.10.3
326 error code ELIFECYCLE
327 error canvas@1.4.0 install: `node-gyp rebuild`
327 error Exit status 1
328 error Failed at the canvas@1.4.0 install script 'node-gyp rebuild'.
328 error Make sure you have the latest version of node.js and npm installed.
328 error If you do, this is most likely a problem with the canvas package,
328 error not with npm itself.
328 error Tell the author that this fails on your system:
328 error     node-gyp rebuild
328 error You can get information on how to open an issue for this project with:
328 error     npm bugs canvas
328 error Or if that isn't available, you can get their info via:
328 error     npm owner ls canvas
328 error There is likely additional logging output above.
329 verbose exit [ 1, true ]
